372G	/export/jobs/hshang
254G	/export/jobs/gvaughan
93G	/export/jobs/schiou
82G	/export/jobs/rzha
37G	/export/jobs/mprates
29G	/export/jobs/vserhiyenko
16G	/export/jobs/vdeshpande
14G	/export/jobs/boykoj
9.8G	/export/jobs/shu
9.3G	/export/jobs/ywchen
7.3G	/export/jobs/axue
6.7G	/export/jobs/dmao
6.2G	/export/jobs/zwei
5.5G	/export/jobs/schifanoe
3.6G	/export/jobs/clarose
2.6G	/export/jobs/droy
2.1G	/export/jobs/plewis
1.8G	/export/jobs/jyan
1.7G	/export/jobs/hlinder
1.6G	/export/jobs/kchen
1.2G	/export/jobs/pharrington
992M	/export/jobs/pmclaughlin
780M	/export/jobs/nravishanker
621M	/export/jobs/cluo
613M	/export/jobs/amishra
576M	/export/jobs/stattestusr
514M	/export/jobs/baronov
351M	/export/jobs/lmatos
317M	/export/jobs/bzhao
231M	/export/jobs/ygu
189M	/export/jobs/xiaowang
166M	/export/jobs/achaurasia
127M	/export/jobs/xjiang
98M	/export/jobs/yli
91M	/export/jobs/yzhang2
53M	/export/jobs/abishoyi
47M	/export/jobs/xwang
45M	/export/jobs/rwu
41M	/export/jobs/ygwon
39M	/export/jobs/avillagran
32M	/export/jobs/bbader
29M	/export/jobs/alabarga
14M	/export/jobs/rchen
9.1M	/export/jobs/gmatthews
7.1M	/export/jobs/vlpare
6.0M	/export/jobs/pkohli
5.3M	/export/jobs/xjwang
3.5M	/export/jobs/jzou
3.3M	/export/jobs/pereras
2.5M	/export/jobs/rliu
2.2M	/export/jobs/yliu
2.1M	/export/jobs/jstratton
456K	/export/jobs/wwang
292K	/export/jobs/yzhang
96K	/export/jobs/yding
52K	/export/jobs/asinha
16K	/export/jobs/lost+found
12K	/export/jobs/dbhattacharjee
8.0K	/export/jobs/dshi
4.0K	/export/jobs/zsun
4.0K	/export/jobs/zchi
4.0K	/export/jobs/yye
4.0K	/export/jobs/ywang
4.0K	/export/jobs/yjiang
4.0K	/export/jobs/wfu
4.0K	/export/jobs/vpozdnyakov
4.0K	/export/jobs/sschick
4.0K	/export/jobs/skang
4.0K	/export/jobs/shurtadorua
4.0K	/export/jobs/sdkim
4.0K	/export/jobs/rvitale
4.0K	/export/jobs/pjoyce
4.0K	/export/jobs/oharel
4.0K	/export/jobs/nmukhopadhyay
4.0K	/export/jobs/mmonselise
4.0K	/export/jobs/mhchen
4.0K	/export/jobs/mge
4.0K	/export/jobs/lmontenegro
4.0K	/export/jobs/lkuo
4.0K	/export/jobs/jwu
4.0K	/export/jobs/jjung
4.0K	/export/jobs/jglaz
4.0K	/export/jobs/hyao
4.0K	/export/jobs/hbar
4.0K	/export/jobs/gliao
4.0K	/export/jobs/ggoh
4.0K	/export/jobs/fzhang
4.0K	/export/jobs/fdemarqui
4.0K	/export/jobs/dfan
4.0K	/export/jobs/ddey
4.0K	/export/jobs/czhang
4.0K	/export/jobs/chu
4.0K	/export/jobs/cemlan
4.0K	/export/jobs/bhartman
4.0K	/export/jobs/bchattopadhyay
4.0K	/export/jobs/asaha
